<?xml version="1.0" encoding="UTF-8"?>
<!-- Generated by org.testng.reporters.JUnitReportReporter -->
<testsuite hostname="Ashishs-MBP.fritz.box" failures="0" tests="1" name="ChronologicalOrder.ChronologicalOrder" time="0.005" errors="0" timestamp="2024-02-26T18:55:52 CET" skipped="0">
  <testcase classname="ChronologicalOrder.ChronologicalOrder" name="test" time="0.005"/>
  <system-out>
test Method  </system-out>
</testsuite> <!-- ChronologicalOrder.ChronologicalOrder -->
