<?xml version="1.0" encoding="UTF-8"?>
<!-- Generated by org.testng.reporters.JUnitReportReporter -->
<testsuite hostname="Ashishs-MBP.fritz.box" failures="0" tests="4" name="WorkingWithTestNg.TestNgPractice" time="26.054" errors="0" timestamp="2024-02-22T19:35:45 CET" skipped="0">
  <testcase classname="WorkingWithTestNg.TestNgPractice" name="testNgMethod" time="6.487"/>
  <system-out/>
  <testcase classname="WorkingWithTestNg.TestNgPractice" name="testNgMethod" time="6.524"/>
  <system-out/>
  <testcase classname="WorkingWithTestNg.TestNgPractice" name="testNgMethod" time="6.519"/>
  <system-out/>
  <testcase classname="WorkingWithTestNg.TestNgPractice" name="testNgMethod" time="6.524"/>
  <system-out/>
</testsuite> <!-- WorkingWithTestNg.TestNgPractice -->
