<?xml version="1.0" encoding="UTF-8"?>
<!-- Generated by org.testng.reporters.JUnitReportReporter -->
<testsuite hostname="Ashishs-MBP.fritz.box" failures="0" tests="1" name="BatchExecution.OpeningBajaj" time="6.669" errors="0" timestamp="2024-02-23T19:30:04 CET" skipped="0">
  <testcase classname="BatchExecution.OpeningBajaj" name="OpeningBajaj" time="6.669"/>
  <system-out/>
</testsuite> <!-- BatchExecution.OpeningBajaj -->
