<?xml version="1.0" encoding="UTF-8"?>
<!-- Generated by org.testng.reporters.JUnitReportReporter -->
<testsuite hostname="Ashishs-MBP.fritz.box" failures="0" tests="1" name="WorkingWithTestNg.WorkingWithTestNg" time="0.009" errors="0" timestamp="2024-02-21T20:35:02 CET" skipped="0">
  <testcase classname="WorkingWithTestNg.WorkingWithTestNg" name="firstTestNgMethod" time="0.009"/>
  <system-out/>
</testsuite> <!-- WorkingWithTestNg.WorkingWithTestNg -->
