<?xml version="1.0" encoding="UTF-8"?>
<!-- Generated by org.testng.reporters.JUnitReportReporter -->
<testsuite hostname="Ashishs-MBP.fritz.box" failures="0" tests="4" name="DataProvider.WorkingWithDataProvider" time="0.008" errors="0" timestamp="2024-02-27T20:08:11 CET" skipped="0">
  <testcase classname="DataProvider.WorkingWithDataProvider" name="recieverMethod" time="0.002"/>
  <system-out/>
  <testcase classname="DataProvider.WorkingWithDataProvider" name="recieverMethod" time="0.004"/>
  <system-out/>
  <testcase classname="DataProvider.WorkingWithDataProvider" name="recieverMethod" time="0.001"/>
  <system-out/>
  <testcase classname="DataProvider.WorkingWithDataProvider" name="recieverMethod" time="0.001"/>
  <system-out/>
</testsuite> <!-- DataProvider.WorkingWithDataProvider -->
