<?xml version="1.0" encoding="UTF-8"?>
<!-- Generated by org.testng.reporters.JUnitReportReporter -->
<testsuite hostname="Ashishs-MBP.fritz.box" failures="0" tests="1" name="WorkingWithTestNg.OpeningFirefox" time="26.741" errors="0" timestamp="2024-02-22T20:39:32 CET" skipped="0">
  <testcase classname="WorkingWithTestNg.OpeningFirefox" name="launchingFirefox" time="26.741"/>
  <system-out/>
</testsuite> <!-- WorkingWithTestNg.OpeningFirefox -->
