<?xml version="1.0" encoding="UTF-8"?>
<!-- Generated by org.testng.reporters.JUnitReportReporter -->
<testsuite hostname="Ashishs-MBP.fritz.box" failures="0" tests="1" name="DataProvider.HardAssertion" time="4.458" errors="0" timestamp="2024-02-28T20:04:17 CET" skipped="0">
  <testcase classname="DataProvider.HardAssertion" name="hardAssertion" time="4.458"/>
  <system-out>
Above conditions are same  </system-out>
</testsuite> <!-- DataProvider.HardAssertion -->
