<?xml version="1.0" encoding="UTF-8"?>
<!-- Generated by org.testng.reporters.JUnitReportReporter -->
<testsuite hostname="Ashishs-MBP.fritz.box" failures="0" tests="4" name="DataProvider.PracticeWithDataProvider" time="54.804" errors="0" timestamp="2024-02-28T18:03:42 CET" skipped="0">
  <testcase classname="DataProvider.PracticeWithDataProvider" name="recieverMethod" time="4.184"/>
  <system-out/>
  <testcase classname="DataProvider.PracticeWithDataProvider" name="recieverMethod" time="8.753"/>
  <system-out/>
  <testcase classname="DataProvider.PracticeWithDataProvider" name="recieverMethod" time="36.736"/>
  <system-out/>
  <testcase classname="DataProvider.PracticeWithDataProvider" name="recieverMethod" time="5.131"/>
  <system-out/>
</testsuite> <!-- DataProvider.PracticeWithDataProvider -->
