<?xml version="1.0" encoding="UTF-8"?>
<!-- Generated by org.testng.reporters.JUnitReportReporter -->
<testsuite hostname="Ashishs-MBP.fritz.box" failures="0" tests="2" name="ChronologicalOrder.ChronologicalOrder1" time="0.013" errors="0" timestamp="2024-02-27T18:44:04 CET" skipped="0">
  <testcase classname="ChronologicalOrder.ChronologicalOrder1" name="test2" time="0.002"/>
  <system-out>
test2 Method  </system-out>
  <testcase classname="ChronologicalOrder.ChronologicalOrder1" name="test1" time="0.011"/>
  <system-out>
test1 Method  </system-out>
</testsuite> <!-- ChronologicalOrder.ChronologicalOrder1 -->
