<?xml version="1.0" encoding="UTF-8"?>
<!-- Generated by org.testng.reporters.JUnitReportReporter -->
<testsuite hostname="Ashishs-MBP.fritz.box" failures="0" tests="1" name="DataProvider.CrossBrowserExecution" time="4.486" errors="0" timestamp="2024-02-28T19:32:35 CET" skipped="0">
  <testcase classname="DataProvider.CrossBrowserExecution" name="browser" time="4.486"/>
  <system-out/>
</testsuite> <!-- DataProvider.CrossBrowserExecution -->
