<?xml version="1.0" encoding="UTF-8"?>
<!-- Generated by org.testng.reporters.JUnitReportReporter -->
<testsuite hostname="Ashishs-MBP.fritz.box" failures="0" tests="5" name="WorkingWithTestNg.TestReportwithTestNg" time="0.013" errors="0" timestamp="2024-02-22T19:12:36 CET" skipped="0">
  <testcase classname="WorkingWithTestNg.TestReportwithTestNg" name="register" time="0.009"/>
  <system-out>
user is able to register  </system-out>
  <testcase classname="WorkingWithTestNg.TestReportwithTestNg" name="login" time="0.001"/>
  <system-out>
user is able to login  </system-out>
  <testcase classname="WorkingWithTestNg.TestReportwithTestNg" name="search" time="0.001"/>
  <system-out>
user is able to search  </system-out>
  <testcase classname="WorkingWithTestNg.TestReportwithTestNg" name="cart" time="0.001"/>
  <system-out>
user is able to add in the cart  </system-out>
  <testcase classname="WorkingWithTestNg.TestReportwithTestNg" name="logout" time="0.001"/>
  <system-out>
user is able to logout  </system-out>
</testsuite> <!-- WorkingWithTestNg.TestReportwithTestNg -->
