<?xml version="1.0" encoding="UTF-8"?>
<!-- Generated by org.testng.reporters.JUnitReportReporter -->
<testsuite hostname="Ashishs-MBP.fritz.box" failures="0" tests="5" name="WorkingWithTestNg.WorkingWithdependsonMethod" time="0.012" errors="0" timestamp="2024-02-22T20:12:21 CET" skipped="0">
  <testcase classname="WorkingWithTestNg.WorkingWithdependsonMethod" name="cart" time="0.001"/>
  <system-out>
user is able to add in the cart  </system-out>
  <testcase classname="WorkingWithTestNg.WorkingWithdependsonMethod" name="login" time="0.001"/>
  <system-out>
user is able to login  </system-out>
  <testcase classname="WorkingWithTestNg.WorkingWithdependsonMethod" name="search" time="0.001"/>
  <system-out>
user is able to search  </system-out>
  <testcase classname="WorkingWithTestNg.WorkingWithdependsonMethod" name="register" time="0.008"/>
  <system-out>
user is able to register  </system-out>
  <testcase classname="WorkingWithTestNg.WorkingWithdependsonMethod" name="logout" time="0.001"/>
  <system-out>
user is able to logout  </system-out>
</testsuite> <!-- WorkingWithTestNg.WorkingWithdependsonMethod -->
